<?xml version="1.0" encoding="UTF-8"?>
<!-- Generated by org.testng.reporters.JUnitXMLReporter -->
<testsuite hostname="Syeds-Air.attlocal.net" ignored="0" name="Default test" tests="2" failures="0" timestamp="12 Apr 2022 18:11:38 GMT" time="14.747" errors="0">
  <testcase name="goToURL" time="4.046" classname="selenium.test.nexxvali.FunWithTestNgAnnoPropFile"/>
  <testcase name="clickOnAboutUs" time="0.702" classname="selenium.test.nexxvali.FunWithTestNgAnnoPropFile"/>
</testsuite> <!-- Default test -->
