<?xml version="1.0" encoding="UTF-8"?>
<!-- Generated by org.testng.reporters.JUnitXMLReporter -->
<testsuite hostname="Syeds-Air.attlocal.net" ignored="0" name="Default test" tests="4" failures="0" timestamp="14 Apr 2022 17:24:36 GMT" time="0.116" errors="0">
  <testcase name="printData" time="0.014" classname="selenium.test.nexxvali.TestNgDataProvider"/>
  <testcase name="printData" time="0.002" classname="selenium.test.nexxvali.TestNgDataProvider"/>
  <testcase name="printData" time="0.002" classname="selenium.test.nexxvali.TestNgDataProvider"/>
  <testcase name="printData" time="0.002" classname="selenium.test.nexxvali.TestNgDataProvider"/>
</testsuite> <!-- Default test -->
