<?xml version="1.0" encoding="UTF-8"?>
<!-- Generated by org.testng.reporters.JUnitXMLReporter -->
<testsuite hostname="Syeds-Air.attlocal.net" ignored="1" name="Test" tests="516" failures="1" timestamp="14 Apr 2022 19:57:45 GMT" time="125.614" errors="0">
  <testcase name="@AfterTest closeBrowser" time="0.003" classname="selenium.test.nexxvali.PlayWithDropDownMenu">
    <failure type="java.lang.NullPointerException">
      <![CDATA[java.lang.NullPointerException
	at selenium.test.nexxvali.PlayWithDropDownMenu.closeBrowser(PlayWithDropDownMenu.java:43)
... Removed 23 stack frames]]>
    </failure>
  </testcase> <!-- @AfterTest closeBrowser -->
  <testcase name="scrollDownAndUp" time="19.307" classname="selenium.test.nexxvali.ScrollUpDown"/>
  <testcase name="printData" time="0.009" classname="selenium.test.nexxvali.TestNgDataProvider"/>
  <testcase name="printData" time="0.001" classname="selenium.test.nexxvali.TestNgDataProvider"/>
  <testcase name="printData" time="0.001" classname="selenium.test.nexxvali.TestNgDataProvider"/>
  <testcase name="printData" time="0.003" classname="selenium.test.nexxvali.TestNgDataProvider"/>
  <testcase name="locators" time="0.003" classname="selenium.test.nexxvali.ReadPropertyFile"/>
  <testcase name="scrollDownAndUp" time="18.658" classname="selenium.test.nexxvali.PerformActionClass"/>
  <testcase name="clickOnAboutUs" time="2.862" classname="selenium.test.nexxvali.FunWithTestNgAnnogations"/>
  <testcase name="testDynamicXpath" time="15.373" classname="selenium.test.nexxvali.PracticeDynamicXpath"/>
  <testcase name="test1" time="0.002" classname="selenium.test.nexxvali.ImpAtTestParams"/>
  <testcase name="test3" time="0.002" classname="selenium.test.nexxvali.ImpAtTestParams"/>
  <testcase name="test5" time="0.027" classname="selenium.test.nexxvali.ImpAtTestParams"/>
  <testcase name="test5" time="0.001" classname="selenium.test.nexxvali.ImpAtTestParams"/>
  <testcase name="test5" time="0.014" classname="selenium.test.nexxvali.ImpAtTestParams"/>
  <testcase name="test5" time="0.001" classname="selenium.test.nexxvali.ImpAtTestParams"/>
  <testcase name="test5" time="0.002" classname="selenium.test.nexxvali.ImpAtTestParams"/>
  <testcase name="test5" time="0.003" classname="selenium.test.nexxvali.ImpAtTestParams"/>
  <testcase name="test5" time="0.001" classname="selenium.test.nexxvali.ImpAtTestParams"/>
  <testcase name="test5" time="0.001" classname="selenium.test.nexxvali.ImpAtTestParams"/>
  <testcase name="test5" time="0.017" classname="selenium.test.nexxvali.ImpAtTestParams"/>
  <testcase name="test5" time="0.016" classname="selenium.test.nexxvali.ImpAtTestParams"/>
  <testcase name="test5" time="0.009" classname="selenium.test.nexxvali.ImpAtTestParams"/>
  <testcase name="test5" time="0.001" classname="selenium.test.nexxvali.ImpAtTestParams"/>
  <testcase name="test5" time="0.002" classname="selenium.test.nexxvali.ImpAtTestParams"/>
  <testcase name="test5" time="0.006" classname="selenium.test.nexxvali.ImpAtTestParams"/>
  <testcase name="test5" time="0.001" classname="selenium.test.nexxvali.ImpAtTestParams"/>
  <testcase name="test5" time="0.001" classname="selenium.test.nexxvali.ImpAtTestParams"/>
  <testcase name="test5" time="0.001" classname="selenium.test.nexxvali.ImpAtTestParams"/>
  <testcase name="test5" time="0.012" classname="selenium.test.nexxvali.ImpAtTestParams"/>
  <testcase name="test5" time="0.001" classname="selenium.test.nexxvali.ImpAtTestParams"/>
  <testcase name="test5" time="0.001" classname="selenium.test.nexxvali.ImpAtTestParams"/>
  <testcase name="test5" time="0.005" classname="selenium.test.nexxvali.ImpAtTestParams"/>
  <testcase name="test5" time="0.001" classname="selenium.test.nexxvali.ImpAtTestParams"/>
  <testcase name="test5" time="0.001" classname="selenium.test.nexxvali.ImpAtTestParams"/>
  <testcase name="test5" time="0.001" classname="selenium.test.nexxvali.ImpAtTestParams"/>
  <testcase name="test5" time="0.001" classname="selenium.test.nexxvali.ImpAtTestParams"/>
  <testcase name="test5" time="0.001" classname="selenium.test.nexxvali.ImpAtTestParams"/>
  <testcase name="test5" time="0.001" classname="selenium.test.nexxvali.ImpAtTestParams"/>
  <testcase name="test5" time="0.002" classname="selenium.test.nexxvali.ImpAtTestParams"/>
  <testcase name="test5" time="0.001" classname="selenium.test.nexxvali.ImpAtTestParams"/>
  <testcase name="test5" time="0.001" classname="selenium.test.nexxvali.ImpAtTestParams"/>
  <testcase name="test5" time="0.0" classname="selenium.test.nexxvali.ImpAtTestParams"/>
  <testcase name="test5" time="0.001" classname="selenium.test.nexxvali.ImpAtTestParams"/>
  <testcase name="test5" time="0.001" classname="selenium.test.nexxvali.ImpAtTestParams"/>
  <testcase name="test5" time="0.002" classname="selenium.test.nexxvali.ImpAtTestParams"/>
  <testcase name="test5" time="0.001" classname="selenium.test.nexxvali.ImpAtTestParams"/>
  <testcase name="test5" time="0.002" classname="selenium.test.nexxvali.ImpAtTestParams"/>
  <testcase name="test5" time="0.001" classname="selenium.test.nexxvali.ImpAtTestParams"/>
  <testcase name="test5" time="0.001" classname="selenium.test.nexxvali.ImpAtTestParams"/>
  <testcase name="test5" time="0.001" classname="selenium.test.nexxvali.ImpAtTestParams"/>
  <testcase name="test5" time="0.037" classname="selenium.test.nexxvali.ImpAtTestParams"/>
  <testcase name="test5" time="0.001" classname="selenium.test.nexxvali.ImpAtTestParams"/>
  <testcase name="test5" time="0.009" classname="selenium.test.nexxvali.ImpAtTestParams"/>
  <testcase name="test5" time="0.001" classname="selenium.test.nexxvali.ImpAtTestParams"/>
  <testcase name="test5" time="0.001" classname="selenium.test.nexxvali.ImpAtTestParams"/>
  <testcase name="test5" time="0.001" classname="selenium.test.nexxvali.ImpAtTestParams"/>
  <testcase name="test5" time="0.008" classname="selenium.test.nexxvali.ImpAtTestParams"/>
  <testcase name="test5" time="0.001" classname="selenium.test.nexxvali.ImpAtTestParams"/>
  <testcase name="test5" time="0.001" classname="selenium.test.nexxvali.ImpAtTestParams"/>
  <testcase name="test5" time="0.001" classname="selenium.test.nexxvali.ImpAtTestParams"/>
  <testcase name="test5" time="0.001" classname="selenium.test.nexxvali.ImpAtTestParams"/>
  <testcase name="test5" time="0.002" classname="selenium.test.nexxvali.ImpAtTestParams"/>
  <testcase name="test5" time="0.001" classname="selenium.test.nexxvali.ImpAtTestParams"/>
  <testcase name="test5" time="0.001" classname="selenium.test.nexxvali.ImpAtTestParams"/>
  <testcase name="test5" time="0.001" classname="selenium.test.nexxvali.ImpAtTestParams"/>
  <testcase name="test5" time="0.0" classname="selenium.test.nexxvali.ImpAtTestParams"/>
  <testcase name="test5" time="0.001" classname="selenium.test.nexxvali.ImpAtTestParams"/>
  <testcase name="test5" time="0.004" classname="selenium.test.nexxvali.ImpAtTestParams"/>
  <testcase name="test5" time="0.002" classname="selenium.test.nexxvali.ImpAtTestParams"/>
  <testcase name="test5" time="0.001" classname="selenium.test.nexxvali.ImpAtTestParams"/>
  <testcase name="test5" time="0.001" classname="selenium.test.nexxvali.ImpAtTestParams"/>
  <testcase name="test5" time="0.001" classname="selenium.test.nexxvali.ImpAtTestParams"/>
  <testcase name="test5" time="0.009" classname="selenium.test.nexxvali.ImpAtTestParams"/>
  <testcase name="test5" time="0.006" classname="selenium.test.nexxvali.ImpAtTestParams"/>
  <testcase name="test5" time="0.002" classname="selenium.test.nexxvali.ImpAtTestParams"/>
  <testcase name="test5" time="0.005" classname="selenium.test.nexxvali.ImpAtTestParams"/>
  <testcase name="test5" time="0.0" classname="selenium.test.nexxvali.ImpAtTestParams"/>
  <testcase name="test5" time="0.001" classname="selenium.test.nexxvali.ImpAtTestParams"/>
  <testcase name="test5" time="0.002" classname="selenium.test.nexxvali.ImpAtTestParams"/>
  <testcase name="test5" time="0.002" classname="selenium.test.nexxvali.ImpAtTestParams"/>
  <testcase name="test5" time="0.001" classname="selenium.test.nexxvali.ImpAtTestParams"/>
  <testcase name="test5" time="0.003" classname="selenium.test.nexxvali.ImpAtTestParams"/>
  <testcase name="test5" time="0.001" classname="selenium.test.nexxvali.ImpAtTestParams"/>
  <testcase name="test5" time="0.001" classname="selenium.test.nexxvali.ImpAtTestParams"/>
  <testcase name="test5" time="0.0" classname="selenium.test.nexxvali.ImpAtTestParams"/>
  <testcase name="test5" time="0.001" classname="selenium.test.nexxvali.ImpAtTestParams"/>
  <testcase name="test5" time="0.001" classname="selenium.test.nexxvali.ImpAtTestParams"/>
  <testcase name="test5" time="0.001" classname="selenium.test.nexxvali.ImpAtTestParams"/>
  <testcase name="test5" time="0.001" classname="selenium.test.nexxvali.ImpAtTestParams"/>
  <testcase name="test5" time="0.0" classname="selenium.test.nexxvali.ImpAtTestParams"/>
  <testcase name="test5" time="0.0" classname="selenium.test.nexxvali.ImpAtTestParams"/>
  <testcase name="test5" time="0.001" classname="selenium.test.nexxvali.ImpAtTestParams"/>
  <testcase name="test5" time="0.001" classname="selenium.test.nexxvali.ImpAtTestParams"/>
  <testcase name="test5" time="0.001" classname="selenium.test.nexxvali.ImpAtTestParams"/>
  <testcase name="test5" time="0.004" classname="selenium.test.nexxvali.ImpAtTestParams"/>
  <testcase name="test5" time="0.002" classname="selenium.test.nexxvali.ImpAtTestParams"/>
  <testcase name="test5" time="0.002" classname="selenium.test.nexxvali.ImpAtTestParams"/>
  <testcase name="test5" time="0.001" classname="selenium.test.nexxvali.ImpAtTestParams"/>
  <testcase name="test5" time="0.001" classname="selenium.test.nexxvali.ImpAtTestParams"/>
  <testcase name="test5" time="0.012" classname="selenium.test.nexxvali.ImpAtTestParams"/>
  <testcase name="test5" time="0.001" classname="selenium.test.nexxvali.ImpAtTestParams"/>
  <testcase name="test5" time="0.001" classname="selenium.test.nexxvali.ImpAtTestParams"/>
  <testcase name="test5" time="0.003" classname="selenium.test.nexxvali.ImpAtTestParams"/>
  <testcase name="test5" time="0.001" classname="selenium.test.nexxvali.ImpAtTestParams"/>
  <testcase name="test5" time="0.001" classname="selenium.test.nexxvali.ImpAtTestParams"/>
  <testcase name="test5" time="0.0" classname="selenium.test.nexxvali.ImpAtTestParams"/>
  <testcase name="test5" time="0.001" classname="selenium.test.nexxvali.ImpAtTestParams"/>
  <testcase name="test5" time="0.001" classname="selenium.test.nexxvali.ImpAtTestParams"/>
  <testcase name="test5" time="0.001" classname="selenium.test.nexxvali.ImpAtTestParams"/>
  <testcase name="test5" time="0.002" classname="selenium.test.nexxvali.ImpAtTestParams"/>
  <testcase name="test5" time="0.002" classname="selenium.test.nexxvali.ImpAtTestParams"/>
  <testcase name="test5" time="0.001" classname="selenium.test.nexxvali.ImpAtTestParams"/>
  <testcase name="test5" time="0.001" classname="selenium.test.nexxvali.ImpAtTestParams"/>
  <testcase name="test5" time="0.001" classname="selenium.test.nexxvali.ImpAtTestParams"/>
  <testcase name="test5" time="0.001" classname="selenium.test.nexxvali.ImpAtTestParams"/>
  <testcase name="test5" time="0.001" classname="selenium.test.nexxvali.ImpAtTestParams"/>
  <testcase name="test5" time="0.001" classname="selenium.test.nexxvali.ImpAtTestParams"/>
  <testcase name="test5" time="0.0" classname="selenium.test.nexxvali.ImpAtTestParams"/>
  <testcase name="test5" time="0.004" classname="selenium.test.nexxvali.ImpAtTestParams"/>
  <testcase name="test5" time="0.002" classname="selenium.test.nexxvali.ImpAtTestParams"/>
  <testcase name="test5" time="0.001" classname="selenium.test.nexxvali.ImpAtTestParams"/>
  <testcase name="test5" time="0.001" classname="selenium.test.nexxvali.ImpAtTestParams"/>
  <testcase name="test5" time="0.0" classname="selenium.test.nexxvali.ImpAtTestParams"/>
  <testcase name="test5" time="0.0" classname="selenium.test.nexxvali.ImpAtTestParams"/>
  <testcase name="test5" time="0.001" classname="selenium.test.nexxvali.ImpAtTestParams"/>
  <testcase name="test5" time="0.0" classname="selenium.test.nexxvali.ImpAtTestParams"/>
  <testcase name="test5" time="0.001" classname="selenium.test.nexxvali.ImpAtTestParams"/>
  <testcase name="test5" time="0.0" classname="selenium.test.nexxvali.ImpAtTestParams"/>
  <testcase name="test5" time="0.001" classname="selenium.test.nexxvali.ImpAtTestParams"/>
  <testcase name="test5" time="0.005" classname="selenium.test.nexxvali.ImpAtTestParams"/>
  <testcase name="test5" time="0.001" classname="selenium.test.nexxvali.ImpAtTestParams"/>
  <testcase name="test5" time="0.001" classname="selenium.test.nexxvali.ImpAtTestParams"/>
  <testcase name="test5" time="0.001" classname="selenium.test.nexxvali.ImpAtTestParams"/>
  <testcase name="test5" time="0.001" classname="selenium.test.nexxvali.ImpAtTestParams"/>
  <testcase name="test5" time="0.005" classname="selenium.test.nexxvali.ImpAtTestParams"/>
  <testcase name="test5" time="0.001" classname="selenium.test.nexxvali.ImpAtTestParams"/>
  <testcase name="test5" time="0.002" classname="selenium.test.nexxvali.ImpAtTestParams"/>
  <testcase name="test5" time="0.0" classname="selenium.test.nexxvali.ImpAtTestParams"/>
  <testcase name="test5" time="0.001" classname="selenium.test.nexxvali.ImpAtTestParams"/>
  <testcase name="test5" time="0.001" classname="selenium.test.nexxvali.ImpAtTestParams"/>
  <testcase name="test5" time="0.001" classname="selenium.test.nexxvali.ImpAtTestParams"/>
  <testcase name="test5" time="0.001" classname="selenium.test.nexxvali.ImpAtTestParams"/>
  <testcase name="test5" time="0.0" classname="selenium.test.nexxvali.ImpAtTestParams"/>
  <testcase name="test5" time="0.0" classname="selenium.test.nexxvali.ImpAtTestParams"/>
  <testcase name="test5" time="0.003" classname="selenium.test.nexxvali.ImpAtTestParams"/>
  <testcase name="test5" time="0.001" classname="selenium.test.nexxvali.ImpAtTestParams"/>
  <testcase name="test5" time="0.006" classname="selenium.test.nexxvali.ImpAtTestParams"/>
  <testcase name="test5" time="0.001" classname="selenium.test.nexxvali.ImpAtTestParams"/>
  <testcase name="test5" time="0.001" classname="selenium.test.nexxvali.ImpAtTestParams"/>
  <testcase name="test5" time="0.041" classname="selenium.test.nexxvali.ImpAtTestParams"/>
  <testcase name="test5" time="0.001" classname="selenium.test.nexxvali.ImpAtTestParams"/>
  <testcase name="test5" time="0.001" classname="selenium.test.nexxvali.ImpAtTestParams"/>
  <testcase name="test5" time="0.0" classname="selenium.test.nexxvali.ImpAtTestParams"/>
  <testcase name="test5" time="0.001" classname="selenium.test.nexxvali.ImpAtTestParams"/>
  <testcase name="test5" time="0.001" classname="selenium.test.nexxvali.ImpAtTestParams"/>
  <testcase name="test5" time="0.0" classname="selenium.test.nexxvali.ImpAtTestParams"/>
  <testcase name="test5" time="0.001" classname="selenium.test.nexxvali.ImpAtTestParams"/>
  <testcase name="test5" time="0.001" classname="selenium.test.nexxvali.ImpAtTestParams"/>
  <testcase name="test5" time="0.0" classname="selenium.test.nexxvali.ImpAtTestParams"/>
  <testcase name="test5" time="0.001" classname="selenium.test.nexxvali.ImpAtTestParams"/>
  <testcase name="test5" time="0.002" classname="selenium.test.nexxvali.ImpAtTestParams"/>
  <testcase name="test5" time="0.001" classname="selenium.test.nexxvali.ImpAtTestParams"/>
  <testcase name="test5" time="0.001" classname="selenium.test.nexxvali.ImpAtTestParams"/>
  <testcase name="test5" time="0.001" classname="selenium.test.nexxvali.ImpAtTestParams"/>
  <testcase name="test5" time="0.011" classname="selenium.test.nexxvali.ImpAtTestParams"/>
  <testcase name="test5" time="0.001" classname="selenium.test.nexxvali.ImpAtTestParams"/>
  <testcase name="test5" time="0.001" classname="selenium.test.nexxvali.ImpAtTestParams"/>
  <testcase name="test5" time="0.002" classname="selenium.test.nexxvali.ImpAtTestParams"/>
  <testcase name="test5" time="0.002" classname="selenium.test.nexxvali.ImpAtTestParams"/>
  <testcase name="test5" time="0.001" classname="selenium.test.nexxvali.ImpAtTestParams"/>
  <testcase name="test5" time="0.005" classname="selenium.test.nexxvali.ImpAtTestParams"/>
  <testcase name="test5" time="0.004" classname="selenium.test.nexxvali.ImpAtTestParams"/>
  <testcase name="test5" time="0.001" classname="selenium.test.nexxvali.ImpAtTestParams"/>
  <testcase name="test5" time="0.004" classname="selenium.test.nexxvali.ImpAtTestParams"/>
  <testcase name="test5" time="0.003" classname="selenium.test.nexxvali.ImpAtTestParams"/>
  <testcase name="test5" time="0.002" classname="selenium.test.nexxvali.ImpAtTestParams"/>
  <testcase name="test5" time="0.001" classname="selenium.test.nexxvali.ImpAtTestParams"/>
  <testcase name="test5" time="0.001" classname="selenium.test.nexxvali.ImpAtTestParams"/>
  <testcase name="test5" time="0.002" classname="selenium.test.nexxvali.ImpAtTestParams"/>
  <testcase name="test5" time="0.003" classname="selenium.test.nexxvali.ImpAtTestParams"/>
  <testcase name="test5" time="0.002" classname="selenium.test.nexxvali.ImpAtTestParams"/>
  <testcase name="test5" time="0.034" classname="selenium.test.nexxvali.ImpAtTestParams"/>
  <testcase name="test5" time="0.0" classname="selenium.test.nexxvali.ImpAtTestParams"/>
  <testcase name="test5" time="0.001" classname="selenium.test.nexxvali.ImpAtTestParams"/>
  <testcase name="test5" time="0.0" classname="selenium.test.nexxvali.ImpAtTestParams"/>
  <testcase name="test5" time="0.001" classname="selenium.test.nexxvali.ImpAtTestParams"/>
  <testcase name="test5" time="0.001" classname="selenium.test.nexxvali.ImpAtTestParams"/>
  <testcase name="test5" time="0.001" classname="selenium.test.nexxvali.ImpAtTestParams"/>
  <testcase name="test5" time="0.001" classname="selenium.test.nexxvali.ImpAtTestParams"/>
  <testcase name="test5" time="0.0" classname="selenium.test.nexxvali.ImpAtTestParams"/>
  <testcase name="test5" time="0.001" classname="selenium.test.nexxvali.ImpAtTestParams"/>
  <testcase name="test5" time="0.002" classname="selenium.test.nexxvali.ImpAtTestParams"/>
  <testcase name="test5" time="0.001" classname="selenium.test.nexxvali.ImpAtTestParams"/>
  <testcase name="test5" time="0.0" classname="selenium.test.nexxvali.ImpAtTestParams"/>
  <testcase name="test5" time="0.001" classname="selenium.test.nexxvali.ImpAtTestParams"/>
  <testcase name="test5" time="0.001" classname="selenium.test.nexxvali.ImpAtTestParams"/>
  <testcase name="test5" time="0.001" classname="selenium.test.nexxvali.ImpAtTestParams"/>
  <testcase name="test5" time="0.0" classname="selenium.test.nexxvali.ImpAtTestParams"/>
  <testcase name="test5" time="0.004" classname="selenium.test.nexxvali.ImpAtTestParams"/>
  <testcase name="test5" time="0.001" classname="selenium.test.nexxvali.ImpAtTestParams"/>
  <testcase name="test5" time="0.061" classname="selenium.test.nexxvali.ImpAtTestParams"/>
  <testcase name="test5" time="0.001" classname="selenium.test.nexxvali.ImpAtTestParams"/>
  <testcase name="test5" time="0.002" classname="selenium.test.nexxvali.ImpAtTestParams"/>
  <testcase name="test5" time="0.001" classname="selenium.test.nexxvali.ImpAtTestParams"/>
  <testcase name="test5" time="0.001" classname="selenium.test.nexxvali.ImpAtTestParams"/>
  <testcase name="test5" time="0.0" classname="selenium.test.nexxvali.ImpAtTestParams"/>
  <testcase name="test5" time="0.0" classname="selenium.test.nexxvali.ImpAtTestParams"/>
  <testcase name="test5" time="0.001" classname="selenium.test.nexxvali.ImpAtTestParams"/>
  <testcase name="test5" time="0.0" classname="selenium.test.nexxvali.ImpAtTestParams"/>
  <testcase name="test5" time="0.0" classname="selenium.test.nexxvali.ImpAtTestParams"/>
  <testcase name="test5" time="0.0" classname="selenium.test.nexxvali.ImpAtTestParams"/>
  <testcase name="test5" time="0.0" classname="selenium.test.nexxvali.ImpAtTestParams"/>
  <testcase name="test5" time="0.003" classname="selenium.test.nexxvali.ImpAtTestParams"/>
  <testcase name="test5" time="0.0" classname="selenium.test.nexxvali.ImpAtTestParams"/>
  <testcase name="test5" time="0.001" classname="selenium.test.nexxvali.ImpAtTestParams"/>
  <testcase name="test5" time="0.001" classname="selenium.test.nexxvali.ImpAtTestParams"/>
  <testcase name="test5" time="0.004" classname="selenium.test.nexxvali.ImpAtTestParams"/>
  <testcase name="test5" time="0.001" classname="selenium.test.nexxvali.ImpAtTestParams"/>
  <testcase name="test5" time="0.001" classname="selenium.test.nexxvali.ImpAtTestParams"/>
  <testcase name="test5" time="0.002" classname="selenium.test.nexxvali.ImpAtTestParams"/>
  <testcase name="test5" time="0.001" classname="selenium.test.nexxvali.ImpAtTestParams"/>
  <testcase name="test5" time="0.001" classname="selenium.test.nexxvali.ImpAtTestParams"/>
  <testcase name="test5" time="0.0" classname="selenium.test.nexxvali.ImpAtTestParams"/>
  <testcase name="test5" time="0.001" classname="selenium.test.nexxvali.ImpAtTestParams"/>
  <testcase name="test5" time="0.001" classname="selenium.test.nexxvali.ImpAtTestParams"/>
  <testcase name="test5" time="0.0" classname="selenium.test.nexxvali.ImpAtTestParams"/>
  <testcase name="test5" time="0.007" classname="selenium.test.nexxvali.ImpAtTestParams"/>
  <testcase name="test5" time="0.001" classname="selenium.test.nexxvali.ImpAtTestParams"/>
  <testcase name="test5" time="0.006" classname="selenium.test.nexxvali.ImpAtTestParams"/>
  <testcase name="test5" time="0.001" classname="selenium.test.nexxvali.ImpAtTestParams"/>
  <testcase name="test5" time="0.0" classname="selenium.test.nexxvali.ImpAtTestParams"/>
  <testcase name="test5" time="0.004" classname="selenium.test.nexxvali.ImpAtTestParams"/>
  <testcase name="test5" time="0.001" classname="selenium.test.nexxvali.ImpAtTestParams"/>
  <testcase name="test5" time="0.0" classname="selenium.test.nexxvali.ImpAtTestParams"/>
  <testcase name="test5" time="0.0" classname="selenium.test.nexxvali.ImpAtTestParams"/>
  <testcase name="test5" time="0.0" classname="selenium.test.nexxvali.ImpAtTestParams"/>
  <testcase name="test5" time="0.001" classname="selenium.test.nexxvali.ImpAtTestParams"/>
  <testcase name="test5" time="0.001" classname="selenium.test.nexxvali.ImpAtTestParams"/>
  <testcase name="test5" time="0.001" classname="selenium.test.nexxvali.ImpAtTestParams"/>
  <testcase name="test5" time="0.0" classname="selenium.test.nexxvali.ImpAtTestParams"/>
  <testcase name="test5" time="0.001" classname="selenium.test.nexxvali.ImpAtTestParams"/>
  <testcase name="test5" time="0.001" classname="selenium.test.nexxvali.ImpAtTestParams"/>
  <testcase name="test5" time="0.002" classname="selenium.test.nexxvali.ImpAtTestParams"/>
  <testcase name="test5" time="0.001" classname="selenium.test.nexxvali.ImpAtTestParams"/>
  <testcase name="test5" time="0.001" classname="selenium.test.nexxvali.ImpAtTestParams"/>
  <testcase name="test5" time="0.001" classname="selenium.test.nexxvali.ImpAtTestParams"/>
  <testcase name="test5" time="0.006" classname="selenium.test.nexxvali.ImpAtTestParams"/>
  <testcase name="test5" time="0.001" classname="selenium.test.nexxvali.ImpAtTestParams"/>
  <testcase name="test5" time="0.0" classname="selenium.test.nexxvali.ImpAtTestParams"/>
  <testcase name="test5" time="0.001" classname="selenium.test.nexxvali.ImpAtTestParams"/>
  <testcase name="test5" time="0.001" classname="selenium.test.nexxvali.ImpAtTestParams"/>
  <testcase name="test5" time="0.001" classname="selenium.test.nexxvali.ImpAtTestParams"/>
  <testcase name="test5" time="0.001" classname="selenium.test.nexxvali.ImpAtTestParams"/>
  <testcase name="test5" time="0.005" classname="selenium.test.nexxvali.ImpAtTestParams"/>
  <testcase name="test5" time="0.002" classname="selenium.test.nexxvali.ImpAtTestParams"/>
  <testcase name="test5" time="0.001" classname="selenium.test.nexxvali.ImpAtTestParams"/>
  <testcase name="test5" time="0.001" classname="selenium.test.nexxvali.ImpAtTestParams"/>
  <testcase name="test5" time="0.0" classname="selenium.test.nexxvali.ImpAtTestParams"/>
  <testcase name="test5" time="0.001" classname="selenium.test.nexxvali.ImpAtTestParams"/>
  <testcase name="test5" time="0.0" classname="selenium.test.nexxvali.ImpAtTestParams"/>
  <testcase name="test5" time="0.002" classname="selenium.test.nexxvali.ImpAtTestParams"/>
  <testcase name="test5" time="0.001" classname="selenium.test.nexxvali.ImpAtTestParams"/>
  <testcase name="test5" time="0.0" classname="selenium.test.nexxvali.ImpAtTestParams"/>
  <testcase name="test5" time="0.0" classname="selenium.test.nexxvali.ImpAtTestParams"/>
  <testcase name="test5" time="0.001" classname="selenium.test.nexxvali.ImpAtTestParams"/>
  <testcase name="test5" time="0.004" classname="selenium.test.nexxvali.ImpAtTestParams"/>
  <testcase name="test5" time="0.001" classname="selenium.test.nexxvali.ImpAtTestParams"/>
  <testcase name="test5" time="0.0" classname="selenium.test.nexxvali.ImpAtTestParams"/>
  <testcase name="test5" time="0.001" classname="selenium.test.nexxvali.ImpAtTestParams"/>
  <testcase name="test5" time="0.001" classname="selenium.test.nexxvali.ImpAtTestParams"/>
  <testcase name="test5" time="0.001" classname="selenium.test.nexxvali.ImpAtTestParams"/>
  <testcase name="test5" time="0.001" classname="selenium.test.nexxvali.ImpAtTestParams"/>
  <testcase name="test5" time="0.0" classname="selenium.test.nexxvali.ImpAtTestParams"/>
  <testcase name="test5" time="0.003" classname="selenium.test.nexxvali.ImpAtTestParams"/>
  <testcase name="test5" time="0.0" classname="selenium.test.nexxvali.ImpAtTestParams"/>
  <testcase name="test5" time="0.0" classname="selenium.test.nexxvali.ImpAtTestParams"/>
  <testcase name="test5" time="0.0" classname="selenium.test.nexxvali.ImpAtTestParams"/>
  <testcase name="test5" time="0.0" classname="selenium.test.nexxvali.ImpAtTestParams"/>
  <testcase name="test5" time="0.0" classname="selenium.test.nexxvali.ImpAtTestParams"/>
  <testcase name="test5" time="0.001" classname="selenium.test.nexxvali.ImpAtTestParams"/>
  <testcase name="test5" time="0.001" classname="selenium.test.nexxvali.ImpAtTestParams"/>
  <testcase name="test5" time="0.0" classname="selenium.test.nexxvali.ImpAtTestParams"/>
  <testcase name="test5" time="0.001" classname="selenium.test.nexxvali.ImpAtTestParams"/>
  <testcase name="test5" time="0.0" classname="selenium.test.nexxvali.ImpAtTestParams"/>
  <testcase name="test5" time="0.001" classname="selenium.test.nexxvali.ImpAtTestParams"/>
  <testcase name="test5" time="0.003" classname="selenium.test.nexxvali.ImpAtTestParams"/>
  <testcase name="test5" time="0.001" classname="selenium.test.nexxvali.ImpAtTestParams"/>
  <testcase name="test5" time="0.001" classname="selenium.test.nexxvali.ImpAtTestParams"/>
  <testcase name="test5" time="0.001" classname="selenium.test.nexxvali.ImpAtTestParams"/>
  <testcase name="test5" time="0.001" classname="selenium.test.nexxvali.ImpAtTestParams"/>
  <testcase name="test5" time="0.0" classname="selenium.test.nexxvali.ImpAtTestParams"/>
  <testcase name="test5" time="0.001" classname="selenium.test.nexxvali.ImpAtTestParams"/>
  <testcase name="test5" time="0.001" classname="selenium.test.nexxvali.ImpAtTestParams"/>
  <testcase name="test5" time="0.001" classname="selenium.test.nexxvali.ImpAtTestParams"/>
  <testcase name="test5" time="0.002" classname="selenium.test.nexxvali.ImpAtTestParams"/>
  <testcase name="test5" time="0.001" classname="selenium.test.nexxvali.ImpAtTestParams"/>
  <testcase name="test5" time="0.001" classname="selenium.test.nexxvali.ImpAtTestParams"/>
  <testcase name="test5" time="0.0" classname="selenium.test.nexxvali.ImpAtTestParams"/>
  <testcase name="test5" time="0.001" classname="selenium.test.nexxvali.ImpAtTestParams"/>
  <testcase name="test5" time="0.001" classname="selenium.test.nexxvali.ImpAtTestParams"/>
  <testcase name="test5" time="0.003" classname="selenium.test.nexxvali.ImpAtTestParams"/>
  <testcase name="test5" time="0.0" classname="selenium.test.nexxvali.ImpAtTestParams"/>
  <testcase name="test5" time="0.001" classname="selenium.test.nexxvali.ImpAtTestParams"/>
  <testcase name="test5" time="0.001" classname="selenium.test.nexxvali.ImpAtTestParams"/>
  <testcase name="test5" time="0.001" classname="selenium.test.nexxvali.ImpAtTestParams"/>
  <testcase name="test5" time="0.001" classname="selenium.test.nexxvali.ImpAtTestParams"/>
  <testcase name="test5" time="0.003" classname="selenium.test.nexxvali.ImpAtTestParams"/>
  <testcase name="test5" time="0.001" classname="selenium.test.nexxvali.ImpAtTestParams"/>
  <testcase name="test5" time="0.001" classname="selenium.test.nexxvali.ImpAtTestParams"/>
  <testcase name="test5" time="0.001" classname="selenium.test.nexxvali.ImpAtTestParams"/>
  <testcase name="test5" time="0.0" classname="selenium.test.nexxvali.ImpAtTestParams"/>
  <testcase name="test5" time="0.001" classname="selenium.test.nexxvali.ImpAtTestParams"/>
  <testcase name="test5" time="0.006" classname="selenium.test.nexxvali.ImpAtTestParams"/>
  <testcase name="test5" time="0.001" classname="selenium.test.nexxvali.ImpAtTestParams"/>
  <testcase name="test5" time="0.001" classname="selenium.test.nexxvali.ImpAtTestParams"/>
  <testcase name="test5" time="0.001" classname="selenium.test.nexxvali.ImpAtTestParams"/>
  <testcase name="test5" time="0.001" classname="selenium.test.nexxvali.ImpAtTestParams"/>
  <testcase name="test5" time="0.001" classname="selenium.test.nexxvali.ImpAtTestParams"/>
  <testcase name="test5" time="0.001" classname="selenium.test.nexxvali.ImpAtTestParams"/>
  <testcase name="test5" time="0.0" classname="selenium.test.nexxvali.ImpAtTestParams"/>
  <testcase name="test5" time="0.001" classname="selenium.test.nexxvali.ImpAtTestParams"/>
  <testcase name="test5" time="0.001" classname="selenium.test.nexxvali.ImpAtTestParams"/>
  <testcase name="test5" time="0.001" classname="selenium.test.nexxvali.ImpAtTestParams"/>
  <testcase name="test5" time="0.001" classname="selenium.test.nexxvali.ImpAtTestParams"/>
  <testcase name="test5" time="0.001" classname="selenium.test.nexxvali.ImpAtTestParams"/>
  <testcase name="test5" time="0.001" classname="selenium.test.nexxvali.ImpAtTestParams"/>
  <testcase name="test5" time="0.001" classname="selenium.test.nexxvali.ImpAtTestParams"/>
  <testcase name="test5" time="0.001" classname="selenium.test.nexxvali.ImpAtTestParams"/>
  <testcase name="test5" time="0.001" classname="selenium.test.nexxvali.ImpAtTestParams"/>
  <testcase name="test5" time="0.001" classname="selenium.test.nexxvali.ImpAtTestParams"/>
  <testcase name="test5" time="0.0" classname="selenium.test.nexxvali.ImpAtTestParams"/>
  <testcase name="test5" time="0.003" classname="selenium.test.nexxvali.ImpAtTestParams"/>
  <testcase name="test5" time="0.001" classname="selenium.test.nexxvali.ImpAtTestParams"/>
  <testcase name="test5" time="0.0" classname="selenium.test.nexxvali.ImpAtTestParams"/>
  <testcase name="test5" time="0.001" classname="selenium.test.nexxvali.ImpAtTestParams"/>
  <testcase name="test5" time="0.001" classname="selenium.test.nexxvali.ImpAtTestParams"/>
  <testcase name="test5" time="0.001" classname="selenium.test.nexxvali.ImpAtTestParams"/>
  <testcase name="test5" time="0.001" classname="selenium.test.nexxvali.ImpAtTestParams"/>
  <testcase name="test5" time="0.0" classname="selenium.test.nexxvali.ImpAtTestParams"/>
  <testcase name="test5" time="0.002" classname="selenium.test.nexxvali.ImpAtTestParams"/>
  <testcase name="test5" time="0.001" classname="selenium.test.nexxvali.ImpAtTestParams"/>
  <testcase name="test5" time="0.0" classname="selenium.test.nexxvali.ImpAtTestParams"/>
  <testcase name="test5" time="0.0" classname="selenium.test.nexxvali.ImpAtTestParams"/>
  <testcase name="test5" time="0.007" classname="selenium.test.nexxvali.ImpAtTestParams"/>
  <testcase name="test5" time="0.001" classname="selenium.test.nexxvali.ImpAtTestParams"/>
  <testcase name="test5" time="0.001" classname="selenium.test.nexxvali.ImpAtTestParams"/>
  <testcase name="test5" time="0.004" classname="selenium.test.nexxvali.ImpAtTestParams"/>
  <testcase name="test5" time="0.004" classname="selenium.test.nexxvali.ImpAtTestParams"/>
  <testcase name="test5" time="0.002" classname="selenium.test.nexxvali.ImpAtTestParams"/>
  <testcase name="test5" time="0.0" classname="selenium.test.nexxvali.ImpAtTestParams"/>
  <testcase name="test5" time="0.002" classname="selenium.test.nexxvali.ImpAtTestParams"/>
  <testcase name="test5" time="0.0" classname="selenium.test.nexxvali.ImpAtTestParams"/>
  <testcase name="test5" time="0.003" classname="selenium.test.nexxvali.ImpAtTestParams"/>
  <testcase name="test5" time="0.005" classname="selenium.test.nexxvali.ImpAtTestParams"/>
  <testcase name="test5" time="0.001" classname="selenium.test.nexxvali.ImpAtTestParams"/>
  <testcase name="test5" time="0.004" classname="selenium.test.nexxvali.ImpAtTestParams"/>
  <testcase name="test5" time="0.0" classname="selenium.test.nexxvali.ImpAtTestParams"/>
  <testcase name="test5" time="0.0" classname="selenium.test.nexxvali.ImpAtTestParams"/>
  <testcase name="test5" time="0.001" classname="selenium.test.nexxvali.ImpAtTestParams"/>
  <testcase name="test5" time="0.001" classname="selenium.test.nexxvali.ImpAtTestParams"/>
  <testcase name="test5" time="0.002" classname="selenium.test.nexxvali.ImpAtTestParams"/>
  <testcase name="test5" time="0.001" classname="selenium.test.nexxvali.ImpAtTestParams"/>
  <testcase name="test5" time="0.001" classname="selenium.test.nexxvali.ImpAtTestParams"/>
  <testcase name="test5" time="0.001" classname="selenium.test.nexxvali.ImpAtTestParams"/>
  <testcase name="test5" time="0.0" classname="selenium.test.nexxvali.ImpAtTestParams"/>
  <testcase name="test5" time="0.001" classname="selenium.test.nexxvali.ImpAtTestParams"/>
  <testcase name="test5" time="0.002" classname="selenium.test.nexxvali.ImpAtTestParams"/>
  <testcase name="test5" time="0.0" classname="selenium.test.nexxvali.ImpAtTestParams"/>
  <testcase name="test5" time="0.0" classname="selenium.test.nexxvali.ImpAtTestParams"/>
  <testcase name="test5" time="0.0" classname="selenium.test.nexxvali.ImpAtTestParams"/>
  <testcase name="test5" time="0.001" classname="selenium.test.nexxvali.ImpAtTestParams"/>
  <testcase name="test5" time="0.0" classname="selenium.test.nexxvali.ImpAtTestParams"/>
  <testcase name="test5" time="0.0" classname="selenium.test.nexxvali.ImpAtTestParams"/>
  <testcase name="test5" time="0.0" classname="selenium.test.nexxvali.ImpAtTestParams"/>
  <testcase name="test5" time="0.014" classname="selenium.test.nexxvali.ImpAtTestParams"/>
  <testcase name="test5" time="0.0" classname="selenium.test.nexxvali.ImpAtTestParams"/>
  <testcase name="test5" time="0.003" classname="selenium.test.nexxvali.ImpAtTestParams"/>
  <testcase name="test5" time="0.003" classname="selenium.test.nexxvali.ImpAtTestParams"/>
  <testcase name="test5" time="0.001" classname="selenium.test.nexxvali.ImpAtTestParams"/>
  <testcase name="test5" time="0.001" classname="selenium.test.nexxvali.ImpAtTestParams"/>
  <testcase name="test5" time="0.001" classname="selenium.test.nexxvali.ImpAtTestParams"/>
  <testcase name="test5" time="0.003" classname="selenium.test.nexxvali.ImpAtTestParams"/>
  <testcase name="test5" time="0.001" classname="selenium.test.nexxvali.ImpAtTestParams"/>
  <testcase name="test5" time="0.001" classname="selenium.test.nexxvali.ImpAtTestParams"/>
  <testcase name="test5" time="0.001" classname="selenium.test.nexxvali.ImpAtTestParams"/>
  <testcase name="test5" time="0.0" classname="selenium.test.nexxvali.ImpAtTestParams"/>
  <testcase name="test5" time="0.001" classname="selenium.test.nexxvali.ImpAtTestParams"/>
  <testcase name="test5" time="0.001" classname="selenium.test.nexxvali.ImpAtTestParams"/>
  <testcase name="test5" time="0.001" classname="selenium.test.nexxvali.ImpAtTestParams"/>
  <testcase name="test5" time="0.0" classname="selenium.test.nexxvali.ImpAtTestParams"/>
  <testcase name="test5" time="0.001" classname="selenium.test.nexxvali.ImpAtTestParams"/>
  <testcase name="test5" time="0.0" classname="selenium.test.nexxvali.ImpAtTestParams"/>
  <testcase name="test5" time="0.0" classname="selenium.test.nexxvali.ImpAtTestParams"/>
  <testcase name="test5" time="0.0" classname="selenium.test.nexxvali.ImpAtTestParams"/>
  <testcase name="test5" time="0.001" classname="selenium.test.nexxvali.ImpAtTestParams"/>
  <testcase name="test5" time="0.001" classname="selenium.test.nexxvali.ImpAtTestParams"/>
  <testcase name="test5" time="0.001" classname="selenium.test.nexxvali.ImpAtTestParams"/>
  <testcase name="test5" time="0.001" classname="selenium.test.nexxvali.ImpAtTestParams"/>
  <testcase name="test5" time="0.002" classname="selenium.test.nexxvali.ImpAtTestParams"/>
  <testcase name="test5" time="0.001" classname="selenium.test.nexxvali.ImpAtTestParams"/>
  <testcase name="test5" time="0.0" classname="selenium.test.nexxvali.ImpAtTestParams"/>
  <testcase name="test5" time="0.0" classname="selenium.test.nexxvali.ImpAtTestParams"/>
  <testcase name="test5" time="0.0" classname="selenium.test.nexxvali.ImpAtTestParams"/>
  <testcase name="test5" time="0.001" classname="selenium.test.nexxvali.ImpAtTestParams"/>
  <testcase name="test5" time="0.007" classname="selenium.test.nexxvali.ImpAtTestParams"/>
  <testcase name="test5" time="0.0" classname="selenium.test.nexxvali.ImpAtTestParams"/>
  <testcase name="test5" time="0.001" classname="selenium.test.nexxvali.ImpAtTestParams"/>
  <testcase name="test5" time="0.001" classname="selenium.test.nexxvali.ImpAtTestParams"/>
  <testcase name="test5" time="0.001" classname="selenium.test.nexxvali.ImpAtTestParams"/>
  <testcase name="test5" time="0.001" classname="selenium.test.nexxvali.ImpAtTestParams"/>
  <testcase name="test5" time="0.001" classname="selenium.test.nexxvali.ImpAtTestParams"/>
  <testcase name="test5" time="0.0" classname="selenium.test.nexxvali.ImpAtTestParams"/>
  <testcase name="test5" time="0.0" classname="selenium.test.nexxvali.ImpAtTestParams"/>
  <testcase name="test5" time="0.003" classname="selenium.test.nexxvali.ImpAtTestParams"/>
  <testcase name="test5" time="0.001" classname="selenium.test.nexxvali.ImpAtTestParams"/>
  <testcase name="test5" time="0.001" classname="selenium.test.nexxvali.ImpAtTestParams"/>
  <testcase name="test5" time="0.001" classname="selenium.test.nexxvali.ImpAtTestParams"/>
  <testcase name="test5" time="0.0" classname="selenium.test.nexxvali.ImpAtTestParams"/>
  <testcase name="test5" time="0.001" classname="selenium.test.nexxvali.ImpAtTestParams"/>
  <testcase name="test5" time="0.0" classname="selenium.test.nexxvali.ImpAtTestParams"/>
  <testcase name="test5" time="0.0" classname="selenium.test.nexxvali.ImpAtTestParams"/>
  <testcase name="test5" time="0.0" classname="selenium.test.nexxvali.ImpAtTestParams"/>
  <testcase name="test5" time="0.001" classname="selenium.test.nexxvali.ImpAtTestParams"/>
  <testcase name="test5" time="0.001" classname="selenium.test.nexxvali.ImpAtTestParams"/>
  <testcase name="test5" time="0.0" classname="selenium.test.nexxvali.ImpAtTestParams"/>
  <testcase name="test5" time="0.0" classname="selenium.test.nexxvali.ImpAtTestParams"/>
  <testcase name="test5" time="0.002" classname="selenium.test.nexxvali.ImpAtTestParams"/>
  <testcase name="test5" time="0.001" classname="selenium.test.nexxvali.ImpAtTestParams"/>
  <testcase name="test5" time="0.001" classname="selenium.test.nexxvali.ImpAtTestParams"/>
  <testcase name="test5" time="0.001" classname="selenium.test.nexxvali.ImpAtTestParams"/>
  <testcase name="test5" time="0.001" classname="selenium.test.nexxvali.ImpAtTestParams"/>
  <testcase name="test5" time="0.001" classname="selenium.test.nexxvali.ImpAtTestParams"/>
  <testcase name="test5" time="0.001" classname="selenium.test.nexxvali.ImpAtTestParams"/>
  <testcase name="test5" time="0.001" classname="selenium.test.nexxvali.ImpAtTestParams"/>
  <testcase name="test5" time="0.001" classname="selenium.test.nexxvali.ImpAtTestParams"/>
  <testcase name="test5" time="0.0" classname="selenium.test.nexxvali.ImpAtTestParams"/>
  <testcase name="test5" time="0.0" classname="selenium.test.nexxvali.ImpAtTestParams"/>
  <testcase name="test5" time="0.001" classname="selenium.test.nexxvali.ImpAtTestParams"/>
  <testcase name="test5" time="0.001" classname="selenium.test.nexxvali.ImpAtTestParams"/>
  <testcase name="test5" time="0.004" classname="selenium.test.nexxvali.ImpAtTestParams"/>
  <testcase name="test5" time="0.001" classname="selenium.test.nexxvali.ImpAtTestParams"/>
  <testcase name="test5" time="0.001" classname="selenium.test.nexxvali.ImpAtTestParams"/>
  <testcase name="test5" time="0.001" classname="selenium.test.nexxvali.ImpAtTestParams"/>
  <testcase name="test5" time="0.0" classname="selenium.test.nexxvali.ImpAtTestParams"/>
  <testcase name="test5" time="0.0" classname="selenium.test.nexxvali.ImpAtTestParams"/>
  <testcase name="test5" time="0.001" classname="selenium.test.nexxvali.ImpAtTestParams"/>
  <testcase name="test5" time="0.001" classname="selenium.test.nexxvali.ImpAtTestParams"/>
  <testcase name="test5" time="0.0" classname="selenium.test.nexxvali.ImpAtTestParams"/>
  <testcase name="test5" time="0.004" classname="selenium.test.nexxvali.ImpAtTestParams"/>
  <testcase name="test5" time="0.001" classname="selenium.test.nexxvali.ImpAtTestParams"/>
  <testcase name="test5" time="0.002" classname="selenium.test.nexxvali.ImpAtTestParams"/>
  <testcase name="test5" time="0.001" classname="selenium.test.nexxvali.ImpAtTestParams"/>
  <testcase name="test5" time="0.0" classname="selenium.test.nexxvali.ImpAtTestParams"/>
  <testcase name="test5" time="0.0" classname="selenium.test.nexxvali.ImpAtTestParams"/>
  <testcase name="test5" time="0.0" classname="selenium.test.nexxvali.ImpAtTestParams"/>
  <testcase name="test5" time="0.001" classname="selenium.test.nexxvali.ImpAtTestParams"/>
  <testcase name="test5" time="0.001" classname="selenium.test.nexxvali.ImpAtTestParams"/>
  <testcase name="test5" time="0.006" classname="selenium.test.nexxvali.ImpAtTestParams"/>
  <testcase name="test5" time="0.0" classname="selenium.test.nexxvali.ImpAtTestParams"/>
  <testcase name="test5" time="0.0" classname="selenium.test.nexxvali.ImpAtTestParams"/>
  <testcase name="test5" time="0.001" classname="selenium.test.nexxvali.ImpAtTestParams"/>
  <testcase name="test5" time="0.0" classname="selenium.test.nexxvali.ImpAtTestParams"/>
  <testcase name="test5" time="0.001" classname="selenium.test.nexxvali.ImpAtTestParams"/>
  <testcase name="test5" time="0.001" classname="selenium.test.nexxvali.ImpAtTestParams"/>
  <testcase name="test5" time="0.001" classname="selenium.test.nexxvali.ImpAtTestParams"/>
  <testcase name="test5" time="0.005" classname="selenium.test.nexxvali.ImpAtTestParams"/>
  <testcase name="test5" time="0.001" classname="selenium.test.nexxvali.ImpAtTestParams"/>
  <testcase name="test5" time="0.0" classname="selenium.test.nexxvali.ImpAtTestParams"/>
  <testcase name="test5" time="0.001" classname="selenium.test.nexxvali.ImpAtTestParams"/>
  <testcase name="test5" time="0.005" classname="selenium.test.nexxvali.ImpAtTestParams"/>
  <testcase name="test5" time="0.001" classname="selenium.test.nexxvali.ImpAtTestParams"/>
  <testcase name="test5" time="0.001" classname="selenium.test.nexxvali.ImpAtTestParams"/>
  <testcase name="test5" time="0.001" classname="selenium.test.nexxvali.ImpAtTestParams"/>
  <testcase name="test5" time="0.001" classname="selenium.test.nexxvali.ImpAtTestParams"/>
  <testcase name="test5" time="0.0" classname="selenium.test.nexxvali.ImpAtTestParams"/>
  <testcase name="test5" time="0.0" classname="selenium.test.nexxvali.ImpAtTestParams"/>
  <testcase name="test5" time="0.0" classname="selenium.test.nexxvali.ImpAtTestParams"/>
  <testcase name="test5" time="0.001" classname="selenium.test.nexxvali.ImpAtTestParams"/>
  <testcase name="test5" time="0.0" classname="selenium.test.nexxvali.ImpAtTestParams"/>
  <testcase name="test5" time="0.004" classname="selenium.test.nexxvali.ImpAtTestParams"/>
  <testcase name="test5" time="0.002" classname="selenium.test.nexxvali.ImpAtTestParams"/>
  <testcase name="test5" time="0.0" classname="selenium.test.nexxvali.ImpAtTestParams"/>
  <testcase name="test5" time="0.0" classname="selenium.test.nexxvali.ImpAtTestParams"/>
  <testcase name="test5" time="0.002" classname="selenium.test.nexxvali.ImpAtTestParams"/>
  <testcase name="test5" time="0.0" classname="selenium.test.nexxvali.ImpAtTestParams"/>
  <testcase name="test5" time="0.001" classname="selenium.test.nexxvali.ImpAtTestParams"/>
  <testcase name="test5" time="0.0" classname="selenium.test.nexxvali.ImpAtTestParams"/>
  <testcase name="test5" time="0.0" classname="selenium.test.nexxvali.ImpAtTestParams"/>
  <testcase name="test5" time="0.002" classname="selenium.test.nexxvali.ImpAtTestParams"/>
  <testcase name="test5" time="0.001" classname="selenium.test.nexxvali.ImpAtTestParams"/>
  <testcase name="test5" time="0.0" classname="selenium.test.nexxvali.ImpAtTestParams"/>
  <testcase name="test5" time="0.001" classname="selenium.test.nexxvali.ImpAtTestParams"/>
  <testcase name="test5" time="0.002" classname="selenium.test.nexxvali.ImpAtTestParams"/>
  <testcase name="test5" time="0.0" classname="selenium.test.nexxvali.ImpAtTestParams"/>
  <testcase name="test5" time="0.0" classname="selenium.test.nexxvali.ImpAtTestParams"/>
  <testcase name="test5" time="0.0" classname="selenium.test.nexxvali.ImpAtTestParams"/>
  <testcase name="test5" time="0.0" classname="selenium.test.nexxvali.ImpAtTestParams"/>
  <testcase name="test5" time="0.0" classname="selenium.test.nexxvali.ImpAtTestParams"/>
  <testcase name="test5" time="0.0" classname="selenium.test.nexxvali.ImpAtTestParams"/>
  <testcase name="test5" time="0.001" classname="selenium.test.nexxvali.ImpAtTestParams"/>
  <testcase name="test5" time="0.001" classname="selenium.test.nexxvali.ImpAtTestParams"/>
  <testcase name="test5" time="0.0" classname="selenium.test.nexxvali.ImpAtTestParams"/>
  <testcase name="test5" time="0.001" classname="selenium.test.nexxvali.ImpAtTestParams"/>
  <testcase name="test5" time="0.001" classname="selenium.test.nexxvali.ImpAtTestParams"/>
  <testcase name="test5" time="0.0" classname="selenium.test.nexxvali.ImpAtTestParams"/>
  <testcase name="test5" time="0.0" classname="selenium.test.nexxvali.ImpAtTestParams"/>
  <testcase name="test5" time="0.0" classname="selenium.test.nexxvali.ImpAtTestParams"/>
  <testcase name="test5" time="0.0" classname="selenium.test.nexxvali.ImpAtTestParams"/>
  <testcase name="test5" time="0.0" classname="selenium.test.nexxvali.ImpAtTestParams"/>
  <testcase name="test5" time="0.0" classname="selenium.test.nexxvali.ImpAtTestParams"/>
  <testcase name="test5" time="0.0" classname="selenium.test.nexxvali.ImpAtTestParams"/>
  <testcase name="test2" time="0.0" classname="selenium.test.nexxvali.ImpAtTestParams"/>
  <testcase name="businesscontact" time="22.67" classname="selenium.test.nexxvali.SelectClassPractice"/>
  <testcase name="clickAboutUs" time="0.001" classname="selenium.test.nexxvali.PlayWithDropDownMenu">
    <failure type="java.lang.NullPointerException">
      <![CDATA[java.lang.NullPointerException
	at selenium.test.nexxvali.PlayWithDropDownMenu.clickAboutUs(PlayWithDropDownMenu.java:36)
... Removed 25 stack frames]]>
    </failure>
  </testcase> <!-- clickAboutUs -->
  <testcase name="goToURL" time="6.355" classname="selenium.test.nexxvali.FunWithTestNgAnnoPropFile"/>
  <testcase name="clickOnAboutUs" time="1.617" classname="selenium.test.nexxvali.FunWithTestNgAnnoPropFile"/>
  <testcase name="test4" time="0.0" classname="selenium.test.nexxvali.ImpAtTestParams">
    <ignored/>
  </testcase> <!-- test4 -->
</testsuite> <!-- Test -->
