<?xml version="1.0" encoding="UTF-8"?>
<!-- Generated by org.testng.reporters.JUnitXMLReporter -->
<testsuite hostname="Syeds-Air.attlocal.net" ignored="0" name="Test" tests="6" failures="1" timestamp="12 Apr 2022 16:41:03 GMT" time="68.372" errors="0">
  <testcase name="@AfterTest closeBrowser" time="0.001" classname="selenium.test.nexxvali.PlayWithDropDownMenu">
    <failure type="java.lang.NullPointerException">
      <![CDATA[java.lang.NullPointerException
	at selenium.test.nexxvali.PlayWithDropDownMenu.closeBrowser(PlayWithDropDownMenu.java:42)
... Removed 23 stack frames]]>
    </failure>
  </testcase> <!-- @AfterTest closeBrowser -->
  <testcase name="scrollDownAndUp" time="18.35" classname="selenium.test.nexxvali.ScrollUpDown"/>
  <testcase name="scrollDownAndUp" time="15.927" classname="selenium.test.nexxvali.PerformActionClass"/>
  <testcase name="locators" time="0.004" classname="selenium.test.nexxvali.ReadPropertyFile"/>
  <testcase name="businesscontact" time="11.286" classname="selenium.test.nexxvali.SelectClassPractice"/>
  <testcase name="testDynamicXpath" time="7.851" classname="selenium.test.nexxvali.PracticeDynamicXpath"/>
  <testcase name="clickAboutUs" time="0.003" classname="selenium.test.nexxvali.PlayWithDropDownMenu">
    <failure type="java.lang.NullPointerException">
      <![CDATA[java.lang.NullPointerException
	at selenium.test.nexxvali.PlayWithDropDownMenu.clickAboutUs(PlayWithDropDownMenu.java:35)
... Removed 25 stack frames]]>
    </failure>
  </testcase> <!-- clickAboutUs -->
</testsuite> <!-- Test -->
