<?xml version="1.0" encoding="UTF-8"?>
<testng-results skipped="0" failed="0" ignored="0" total="1" passed="1">
  <reporter-output>
  </reporter-output>
  <suite name="Default suite" duration-ms="11939" started-at="2022-04-12T17:43:47Z" finished-at="2022-04-12T17:43:59Z">
    <groups>
    </groups>
    <test name="Default test" duration-ms="11939" started-at="2022-04-12T17:43:47Z" finished-at="2022-04-12T17:43:59Z">
      <class name="selenium.test.nexxvali.FunWithTestNgAnnoPropFile">
        <test-method status="PASS" signature="launchBrowser()[pri:0, instance:selenium.test.nexxvali.FunWithTestNgAnnoPropFile@59ec2012]" name="launchBrowser" is-config="true" duration-ms="10948" started-at="2022-04-12T12:43:47Z" finished-at="2022-04-12T12:43:58Z">
          <reporter-output>
          </reporter-output>
        </test-method> <!-- launchBrowser -->
        <test-method status="PASS" signature="clickOnAboutUs()[pri:0, instance:selenium.test.nexxvali.FunWithTestNgAnnoPropFile@59ec2012]" name="clickOnAboutUs" duration-ms="760" started-at="2022-04-12T12:43:58Z" finished-at="2022-04-12T12:43:59Z">
          <reporter-output>
          </reporter-output>
        </test-method> <!-- clickOnAboutUs -->
        <test-method status="PASS" signature="terminateBrowser()[pri:0, instance:selenium.test.nexxvali.FunWithTestNgAnnoPropFile@59ec2012]" name="terminateBrowser" is-config="true" duration-ms="191" started-at="2022-04-12T12:43:59Z" finished-at="2022-04-12T12:43:59Z">
          <reporter-output>
          </reporter-output>
        </test-method> <!-- terminateBrowser -->
      </class> <!-- selenium.test.nexxvali.FunWithTestNgAnnoPropFile -->
    </test> <!-- Default test -->
  </suite> <!-- Default suite -->
</testng-results>
